Determining if the pthread_create exist failed with the following output:
Change Dir: /home/ucar/Desktop/ucar/build/CMakeFiles/CMakeTmp

Run Build Command:"/usr/bin/make" "cmTC_ef001/fast"
/usr/bin/make -f CMakeFiles/cmTC_ef001.dir/build.make CMakeFiles/cmTC_ef001.dir/build
make[1]: Entering directory '/home/ucar/Desktop/ucar/build/CMakeFiles/CMakeTmp'
Building C object CMakeFiles/cmTC_ef001.dir/CheckSymbolExists.c.o
/usr/bin/cc    -o CMakeFiles/cmTC_ef001.dir/CheckSymbolExists.c.o   -c /home/ucar/Desktop/ucar/build/CMakeFiles/CMakeTmp/CheckSymbolExists.c
Linking C executable cmTC_ef001
/usr/bin/cmake -E cmake_link_script CMakeFiles/cmTC_ef001.dir/link.txt --verbose=1
/usr/bin/cc      -rdynamic CMakeFiles/cmTC_ef001.dir/CheckSymbolExists.c.o  -o cmTC_ef001 
CMakeFiles/cmTC_ef001.dir/CheckSymbolExists.c.o: In function `main':
CheckSymbolExists.c:(.text+0x14): undefined reference to `pthread_create'
CheckSymbolExists.c:(.text+0x18): undefined reference to `pthread_create'
collect2: error: ld returned 1 exit status
CMakeFiles/cmTC_ef001.dir/build.make:97: recipe for target 'cmTC_ef001' failed
make[1]: *** [cmTC_ef001] Error 1
make[1]: Leaving directory '/home/ucar/Desktop/ucar/build/CMakeFiles/CMakeTmp'
Makefile:126: recipe for target 'cmTC_ef001/fast' failed
make: *** [cmTC_ef001/fast] Error 2

File /home/ucar/Desktop/ucar/build/CMakeFiles/CMakeTmp/CheckSymbolExists.c:
/* */
#include <pthread.h>

int main(int argc, char** argv)
{
  (void)argv;
#ifndef pthread_create
  return ((int*)(&pthread_create))[argc];
#else
  (void)argc;
  return 0;
#endif
}

Determining if the function pthread_create exists in the pthreads failed with the following output:
Change Dir: /home/ucar/Desktop/ucar/build/CMakeFiles/CMakeTmp

Run Build Command:"/usr/bin/make" "cmTC_a4c99/fast"
/usr/bin/make -f CMakeFiles/cmTC_a4c99.dir/build.make CMakeFiles/cmTC_a4c99.dir/build
make[1]: Entering directory '/home/ucar/Desktop/ucar/build/CMakeFiles/CMakeTmp'
Building C object CMakeFiles/cmTC_a4c99.dir/CheckFunctionExists.c.o
/usr/bin/cc   -DCHECK_FUNCTION_EXISTS=pthread_create   -o CMakeFiles/cmTC_a4c99.dir/CheckFunctionExists.c.o   -c /usr/share/cmake-3.10/Modules/CheckFunctionExists.c
Linking C executable cmTC_a4c99
/usr/bin/cmake -E cmake_link_script CMakeFiles/cmTC_a4c99.dir/link.txt --verbose=1
/usr/bin/cc  -DCHECK_FUNCTION_EXISTS=pthread_create    -rdynamic CMakeFiles/cmTC_a4c99.dir/CheckFunctionExists.c.o  -o cmTC_a4c99 -lpthreads 
/usr/bin/ld: cannot find -lpthreads
collect2: error: ld returned 1 exit status
CMakeFiles/cmTC_a4c99.dir/build.make:97: recipe for target 'cmTC_a4c99' failed
make[1]: *** [cmTC_a4c99] Error 1
make[1]: Leaving directory '/home/ucar/Desktop/ucar/build/CMakeFiles/CMakeTmp'
Makefile:126: recipe for target 'cmTC_a4c99/fast' failed
make: *** [cmTC_a4c99/fast] Error 2


